<?xml version="1.0" encoding="UTF-8"?>
<robot generator="Robot 7.2.2 (Python 3.13.2 on win32)" generated="2025-04-08T19:45:18.827586" rpa="false" schemaversion="5">
<suite id="s1" name="Teste" source="C:\Robotframework\Robotframework\Teste.robot">
<test id="s1-t1" name="teste 1" line="2">
<kw name="Log To Console" owner="BuiltIn">
<arg>message= hello world</arg>
<doc>Logs the given message to the console.</doc>
<status status="PASS" start="2025-04-08T19:45:18.843409" elapsed="0.000169"/>
</kw>
<status status="PASS" start="2025-04-08T19:45:18.843021" elapsed="0.000708"/>
</test>
<status status="PASS" start="2025-04-08T19:45:18.828358" elapsed="0.015812"/>
</suite>
<statistics>
<total>
<stat pass="1" fail="0" skip="0">All Tests</stat>
</total>
<tag>
</tag>
<suite>
<stat name="Teste" id="s1" pass="1" fail="0" skip="0">Teste</stat>
</suite>
</statistics>
<errors>
</errors>
</robot>
